2024-11-09 00:43:53,383 - h5py._conv - DEBUG - Creating converter from 7 to 5
2024-11-09 00:43:53,383 - h5py._conv - DEBUG - Creating converter from 5 to 7
2024-11-09 00:43:53,383 - h5py._conv - DEBUG - Creating converter from 7 to 5
2024-11-09 00:43:53,383 - h5py._conv - DEBUG - Creating converter from 5 to 7
2024-11-09 00:43:53,739 - jax._src.path - DEBUG - etils.epath was not found. Using pathlib for file I/O.
2024-11-09 00:43:54,724 - root - INFO - Starting Rasa server on http://0.0.0.0:5005
2024-11-09 00:43:54,847 - rasa.core.nlg.generator - DEBUG - Instantiated NLG to 'TemplatedNaturalLanguageGenerator'.
2024-11-09 00:43:54,847 - rasa.core.processor - INFO - Loading model models/20241109-001522-every-music.tar.gz...
2024-11-09 00:44:15,029 - root - INFO - Rasa server is up and running.
2024-11-09 00:44:15,030 - root - INFO - Enabling coroutine debugging. Loop id 106242204606560.
2024-11-09 00:48:10,052 - rasa.core.processor - DEBUG - Starting a new session for conversation ID 'shreyas'.
2024-11-09 00:48:10,451 - rasa.core.processor - DEBUG - Logged UserUtterance - tracker now has 4 events.
2024-11-09 00:48:10,459 - rasa.core.processor - DEBUG - Predicted next action 'utter_greet' with confidence 1.00.
2024-11-09 00:48:10,465 - rasa.core.processor - DEBUG - Predicted next action 'action_listen' with confidence 1.00.
2024-11-09 00:48:31,551 - rasa.core.processor - DEBUG - Logged UserUtterance - tracker now has 10 events.
2024-11-09 00:48:31,557 - rasa.core.processor - DEBUG - Predicted next action 'utter_architecture_response' with confidence 1.00.
2024-11-09 00:48:31,563 - rasa.core.processor - DEBUG - Predicted next action 'action_listen' with confidence 1.00.
2024-11-09 00:50:05,883 - rasa.core.processor - DEBUG - Logged UserUtterance - tracker now has 16 events.
2024-11-09 00:50:05,890 - rasa.core.processor - DEBUG - Predicted next action 'utter_ask_more' with confidence 1.00.
2024-11-09 00:50:05,898 - rasa.core.processor - DEBUG - Predicted next action 'action_listen' with confidence 1.00.
2024-11-09 00:50:29,006 - rasa.core.processor - DEBUG - Logged UserUtterance - tracker now has 22 events.
2024-11-09 00:50:29,012 - rasa.core.processor - DEBUG - Predicted next action 'utter_goodbye' with confidence 1.00.
2024-11-09 00:50:29,019 - rasa.core.processor - DEBUG - Predicted next action 'action_listen' with confidence 1.00.
